<?xml version="1.0" encoding="UTF-8"?>
<robot generator="Robot 6.1.1 (Python 3.11.5 on darwin)" generated="20250412 13:43:35.865" rpa="false" schemaversion="4">
<suite id="s1" name="User Registration" source="/Users/Bipinlp/Documents/New_Pogo/pogoRobot/pogoRobot/TestCases/User_Registration.robot">
<test id="s1-t1" name="User Registration" line="13">
<kw name="Visit url" library="Reuse">
<kw name="Open Browser" library="SeleniumLibrary">
<arg>${Website}</arg>
<arg>${browser}</arg>
<arg>executable_path=${DriverLocation}</arg>
<doc>Opens a new browser instance to the optional ``url``.</doc>
<msg timestamp="20250412 13:43:36.015" level="INFO">Opening browser 'chrome' to base url 'https://www.pogo.com/'.</msg>
<status status="PASS" starttime="20250412 13:43:36.014" endtime="20250412 13:43:38.099"/>
</kw>
<kw name="Maximize Browser Window" library="SeleniumLibrary">
<doc>Maximizes current browser window.</doc>
<status status="PASS" starttime="20250412 13:43:38.100" endtime="20250412 13:43:38.431"/>
</kw>
<kw name="Log To Console" library="BuiltIn">
<arg>Website has opened</arg>
<doc>Logs the given message to the console.</doc>
<status status="PASS" starttime="20250412 13:43:38.432" endtime="20250412 13:43:38.432"/>
</kw>
<status status="PASS" starttime="20250412 13:43:36.014" endtime="20250412 13:43:38.432"/>
</kw>
<kw name="Navigate to Register page">
<kw name="Click with log Display" library="pgKeyword">
<arg>//button[@class='default__1rbFd primary__3GVte button__3Z-Ug registerCTA__eNZ_5']</arg>
<arg>Register Button</arg>
<kw name="Log To Console" library="BuiltIn">
<arg>clicking on ${message}</arg>
<doc>Logs the given message to the console.</doc>
<status status="PASS" starttime="20250412 13:43:38.435" endtime="20250412 13:43:38.435"/>
</kw>
<kw name="Wait Until Element Is Enabled" library="SeleniumLibrary">
<arg>${element}</arg>
<arg>10s</arg>
<doc>Waits until the element ``locator`` is enabled.</doc>
<status status="PASS" starttime="20250412 13:43:38.435" endtime="20250412 13:43:38.486"/>
</kw>
<kw name="Wait Until Element Is Visible" library="SeleniumLibrary">
<arg>${element}</arg>
<arg>10s</arg>
<doc>Waits until the element ``locator`` is visible.</doc>
<status status="PASS" starttime="20250412 13:43:38.486" endtime="20250412 13:43:38.503"/>
</kw>
<kw name="Click Element" library="SeleniumLibrary">
<arg>${element}</arg>
<doc>Click the element identified by ``locator``.</doc>
<msg timestamp="20250412 13:43:38.504" level="INFO">Clicking element '//button[@class='default__1rbFd primary__3GVte button__3Z-Ug registerCTA__eNZ_5']'.</msg>
<status status="PASS" starttime="20250412 13:43:38.503" endtime="20250412 13:43:41.874"/>
</kw>
<status status="PASS" starttime="20250412 13:43:38.433" endtime="20250412 13:43:41.874"/>
</kw>
<status status="PASS" starttime="20250412 13:43:38.433" endtime="20250412 13:43:41.874"/>
</kw>
<kw name="Enter a unique username, email, and password">
<kw name="Select From List By Value" library="SeleniumLibrary">
<arg>clientreg_country-selctrl</arg>
<arg>NP</arg>
<doc>Selects options from selection list ``locator`` by ``values``.</doc>
<msg timestamp="20250412 13:43:41.875" level="INFO">Selecting options from selection list 'clientreg_country-selctrl' by value NP.</msg>
<status status="PASS" starttime="20250412 13:43:41.875" endtime="20250412 13:43:41.983"/>
</kw>
<kw name="Select From List By Value" library="SeleniumLibrary">
<arg>clientreg_dobmonth-selctrl</arg>
<arg>1</arg>
<doc>Selects options from selection list ``locator`` by ``values``.</doc>
<msg timestamp="20250412 13:43:41.983" level="INFO">Selecting options from selection list 'clientreg_dobmonth-selctrl' by value 1.</msg>
<status status="PASS" starttime="20250412 13:43:41.983" endtime="20250412 13:43:42.034"/>
</kw>
<kw name="Select From List By Index" library="SeleniumLibrary">
<arg>clientreg_dobday-selctrl</arg>
<arg>10</arg>
<doc>Selects options from selection list ``locator`` by ``indexes``.</doc>
<msg timestamp="20250412 13:43:42.034" level="INFO">Selecting options from selection list 'clientreg_dobday-selctrl' by index 10.</msg>
<status status="PASS" starttime="20250412 13:43:42.034" endtime="20250412 13:43:42.116"/>
</kw>
<kw name="Select From List By Value" library="SeleniumLibrary">
<arg>clientreg_dobyear-selctrl</arg>
<arg>1995</arg>
<doc>Selects options from selection list ``locator`` by ``values``.</doc>
<msg timestamp="20250412 13:43:42.117" level="INFO">Selecting options from selection list 'clientreg_dobyear-selctrl' by value 1995.</msg>
<status status="PASS" starttime="20250412 13:43:42.116" endtime="20250412 13:43:42.160"/>
</kw>
<kw name="Click with log Display" library="pgKeyword">
<arg>panel-action-area-container</arg>
<arg>Next Button</arg>
<kw name="Log To Console" library="BuiltIn">
<arg>clicking on ${message}</arg>
<doc>Logs the given message to the console.</doc>
<status status="PASS" starttime="20250412 13:43:42.161" endtime="20250412 13:43:42.161"/>
</kw>
<kw name="Wait Until Element Is Enabled" library="SeleniumLibrary">
<arg>${element}</arg>
<arg>10s</arg>
<doc>Waits until the element ``locator`` is enabled.</doc>
<status status="PASS" starttime="20250412 13:43:42.162" endtime="20250412 13:43:42.182"/>
</kw>
<kw name="Wait Until Element Is Visible" library="SeleniumLibrary">
<arg>${element}</arg>
<arg>10s</arg>
<doc>Waits until the element ``locator`` is visible.</doc>
<status status="PASS" starttime="20250412 13:43:42.182" endtime="20250412 13:43:42.199"/>
</kw>
<kw name="Click Element" library="SeleniumLibrary">
<arg>${element}</arg>
<doc>Click the element identified by ``locator``.</doc>
<msg timestamp="20250412 13:43:42.200" level="INFO">Clicking element 'panel-action-area-container'.</msg>
<status status="PASS" starttime="20250412 13:43:42.200" endtime="20250412 13:43:42.248"/>
</kw>
<status status="PASS" starttime="20250412 13:43:42.160" endtime="20250412 13:43:42.248"/>
</kw>
<kw name="Wait Until Element Is Visible" library="SeleniumLibrary">
<arg>email</arg>
<arg>20s</arg>
<doc>Waits until the element ``locator`` is visible.</doc>
<status status="PASS" starttime="20250412 13:43:42.249" endtime="20250412 13:43:43.498"/>
</kw>
<kw name="Input Text" library="SeleniumLibrary">
<arg>email</arg>
<arg>${emailID}</arg>
<doc>Types the given ``text`` into the text field identified by ``locator``.</doc>
<msg timestamp="20250412 13:43:43.499" level="INFO">Typing text 'vovos31760@naobk.com' into text field 'email'.</msg>
<status status="PASS" starttime="20250412 13:43:43.498" endtime="20250412 13:43:43.663"/>
</kw>
<kw name="Input Text" library="SeleniumLibrary">
<arg>originId</arg>
<arg>${userID}</arg>
<doc>Types the given ``text`` into the text field identified by ``locator``.</doc>
<msg timestamp="20250412 13:43:43.663" level="INFO">Typing text 'vovos31760' into text field 'originId'.</msg>
<status status="PASS" starttime="20250412 13:43:43.663" endtime="20250412 13:43:43.718"/>
</kw>
<kw name="Input Text" library="SeleniumLibrary">
<arg>password</arg>
<arg>${password}</arg>
<doc>Types the given ``text`` into the text field identified by ``locator``.</doc>
<msg timestamp="20250412 13:43:43.719" level="INFO">Typing text 'Pogo&amp;_1230' into text field 'password'.</msg>
<status status="PASS" starttime="20250412 13:43:43.718" endtime="20250412 13:43:43.802"/>
</kw>
<status status="PASS" starttime="20250412 13:43:41.875" endtime="20250412 13:43:43.802"/>
</kw>
<kw name="Submit the registration form">
<kw name="Click with log Display" library="pgKeyword">
<arg>//div[@id='reg-basic-info-panel']//div[@class='panel-action-area']</arg>
<arg>Next Button</arg>
<kw name="Log To Console" library="BuiltIn">
<arg>clicking on ${message}</arg>
<doc>Logs the given message to the console.</doc>
<status status="PASS" starttime="20250412 13:43:43.803" endtime="20250412 13:43:43.803"/>
</kw>
<kw name="Wait Until Element Is Enabled" library="SeleniumLibrary">
<arg>${element}</arg>
<arg>10s</arg>
<doc>Waits until the element ``locator`` is enabled.</doc>
<status status="PASS" starttime="20250412 13:43:43.803" endtime="20250412 13:43:43.822"/>
</kw>
<kw name="Wait Until Element Is Visible" library="SeleniumLibrary">
<arg>${element}</arg>
<arg>10s</arg>
<doc>Waits until the element ``locator`` is visible.</doc>
<status status="PASS" starttime="20250412 13:43:43.823" endtime="20250412 13:43:43.834"/>
</kw>
<kw name="Click Element" library="SeleniumLibrary">
<arg>${element}</arg>
<doc>Click the element identified by ``locator``.</doc>
<msg timestamp="20250412 13:43:43.835" level="INFO">Clicking element '//div[@id='reg-basic-info-panel']//div[@class='panel-action-area']'.</msg>
<status status="PASS" starttime="20250412 13:43:43.834" endtime="20250412 13:43:43.879"/>
</kw>
<status status="PASS" starttime="20250412 13:43:43.803" endtime="20250412 13:43:43.879"/>
</kw>
<status status="PASS" starttime="20250412 13:43:43.802" endtime="20250412 13:43:43.879"/>
</kw>
<kw name="Validate the successful registration">
<kw name="Wait Until Element Is Visible" library="SeleniumLibrary">
<arg>//iframe</arg>
<arg>20s</arg>
<doc>Waits until the element ``locator`` is visible.</doc>
<status status="PASS" starttime="20250412 13:43:43.880" endtime="20250412 13:43:45.806"/>
</kw>
<kw name="Log To Console" library="BuiltIn">
<arg>✅ *****The Test is consider as passed since there is automation to protect automation for resestration***** ✅</arg>
<doc>Logs the given message to the console.</doc>
<status status="PASS" starttime="20250412 13:43:45.806" endtime="20250412 13:43:45.807"/>
</kw>
<status status="PASS" starttime="20250412 13:43:43.879" endtime="20250412 13:43:45.807"/>
</kw>
<kw name="Close All Browsers" library="SeleniumLibrary" type="TEARDOWN">
<doc>Closes all open browsers and resets the browser cache.</doc>
<status status="PASS" starttime="20250412 13:43:45.808" endtime="20250412 13:43:46.240"/>
</kw>
<status status="PASS" starttime="20250412 13:43:36.003" endtime="20250412 13:43:46.241"/>
</test>
<status status="PASS" starttime="20250412 13:43:35.868" endtime="20250412 13:43:46.242"/>
</suite>
<statistics>
<total>
<stat pass="1" fail="0" skip="0">All Tests</stat>
</total>
<tag>
</tag>
<suite>
<stat pass="1" fail="0" skip="0" id="s1" name="User Registration">User Registration</stat>
</suite>
</statistics>
<errors>
</errors>
</robot>
