<?xml version="1.0" encoding="UTF-8"?>
<robot generator="Robot 6.1.1 (Python 3.11.5 on darwin)" generated="20250412 12:49:53.490" rpa="false" schemaversion="4">
<suite id="s1" name="Logout Login" source="/Users/Bipinlp/Documents/Bipin_Final_Pogo/pogoRobot/TestCases/Logout_Login.robot">
<test id="s1-t1" name="Log out and re-login the account" line="15">
<kw name="Login to system" library="Reuse" type="SETUP">
<kw name="Visit url" library="Reuse">
<kw name="Open Browser" library="SeleniumLibrary">
<arg>${Website}</arg>
<arg>${browser}</arg>
<arg>executable_path=${DriverLocation}</arg>
<doc>Opens a new browser instance to the optional ``url``.</doc>
<msg timestamp="20250412 12:49:53.640" level="INFO">Opening browser 'chrome' to base url 'https://www.pogo.com/'.</msg>
<status status="PASS" starttime="20250412 12:49:53.639" endtime="20250412 12:49:55.647"/>
</kw>
<kw name="Maximize Browser Window" library="SeleniumLibrary">
<doc>Maximizes current browser window.</doc>
<status status="PASS" starttime="20250412 12:49:55.647" endtime="20250412 12:49:55.978"/>
</kw>
<kw name="Log To Console" library="BuiltIn">
<arg>Website has opened</arg>
<doc>Logs the given message to the console.</doc>
<status status="PASS" starttime="20250412 12:49:55.979" endtime="20250412 12:49:55.979"/>
</kw>
<status status="PASS" starttime="20250412 12:49:53.639" endtime="20250412 12:49:55.979"/>
</kw>
<kw name="Click with log Display" library="pgKeyword">
<arg>//button[.//div[text()='Sign In']]</arg>
<arg>Sign In</arg>
<kw name="Log To Console" library="BuiltIn">
<arg>clicking on ${message}</arg>
<doc>Logs the given message to the console.</doc>
<status status="PASS" starttime="20250412 12:49:55.980" endtime="20250412 12:49:55.980"/>
</kw>
<kw name="Wait Until Element Is Enabled" library="SeleniumLibrary">
<arg>${element}</arg>
<arg>10s</arg>
<doc>Waits until the element ``locator`` is enabled.</doc>
<status status="PASS" starttime="20250412 12:49:55.980" endtime="20250412 12:49:56.208"/>
</kw>
<kw name="Wait Until Element Is Visible" library="SeleniumLibrary">
<arg>${element}</arg>
<arg>10s</arg>
<doc>Waits until the element ``locator`` is visible.</doc>
<status status="PASS" starttime="20250412 12:49:56.209" endtime="20250412 12:49:56.223"/>
</kw>
<kw name="Click Element" library="SeleniumLibrary">
<arg>${element}</arg>
<doc>Click the element identified by ``locator``.</doc>
<msg timestamp="20250412 12:49:56.224" level="INFO">Clicking element '//button[.//div[text()='Sign In']]'.</msg>
<status status="PASS" starttime="20250412 12:49:56.224" endtime="20250412 12:49:59.508"/>
</kw>
<status status="PASS" starttime="20250412 12:49:55.979" endtime="20250412 12:49:59.508"/>
</kw>
<kw name="Input Text" library="SeleniumLibrary">
<arg>email</arg>
<arg>${username}</arg>
<doc>Types the given ``text`` into the text field identified by ``locator``.</doc>
<msg timestamp="20250412 12:49:59.509" level="INFO">Typing text 'bps.thapa@gmail.com' into text field 'email'.</msg>
<status status="PASS" starttime="20250412 12:49:59.508" endtime="20250412 12:49:59.655"/>
</kw>
<kw name="Click Element" library="SeleniumLibrary">
<arg>content</arg>
<doc>Click the element identified by ``locator``.</doc>
<msg timestamp="20250412 12:49:59.656" level="INFO">Clicking element 'content'.</msg>
<status status="PASS" starttime="20250412 12:49:59.655" endtime="20250412 12:49:59.734"/>
</kw>
<kw name="Click Element" library="SeleniumLibrary">
<arg>logInBtn</arg>
<doc>Click the element identified by ``locator``.</doc>
<msg timestamp="20250412 12:49:59.735" level="INFO">Clicking element 'logInBtn'.</msg>
<status status="PASS" starttime="20250412 12:49:59.734" endtime="20250412 12:50:00.784"/>
</kw>
<kw name="Input Text" library="SeleniumLibrary">
<arg>password</arg>
<arg>${password}</arg>
<doc>Types the given ``text`` into the text field identified by ``locator``.</doc>
<msg timestamp="20250412 12:50:00.785" level="INFO">Typing text '4f4DP5KT!2ar&amp;%6' into text field 'password'.</msg>
<status status="PASS" starttime="20250412 12:50:00.785" endtime="20250412 12:50:00.840"/>
</kw>
<kw name="Click with log Display" library="pgKeyword">
<arg>logInBtn</arg>
<arg>LoginButton after Entering password</arg>
<kw name="Log To Console" library="BuiltIn">
<arg>clicking on ${message}</arg>
<doc>Logs the given message to the console.</doc>
<status status="PASS" starttime="20250412 12:50:00.840" endtime="20250412 12:50:00.841"/>
</kw>
<kw name="Wait Until Element Is Enabled" library="SeleniumLibrary">
<arg>${element}</arg>
<arg>10s</arg>
<doc>Waits until the element ``locator`` is enabled.</doc>
<status status="PASS" starttime="20250412 12:50:00.841" endtime="20250412 12:50:00.861"/>
</kw>
<kw name="Wait Until Element Is Visible" library="SeleniumLibrary">
<arg>${element}</arg>
<arg>10s</arg>
<doc>Waits until the element ``locator`` is visible.</doc>
<status status="PASS" starttime="20250412 12:50:00.861" endtime="20250412 12:50:00.879"/>
</kw>
<kw name="Click Element" library="SeleniumLibrary">
<arg>${element}</arg>
<doc>Click the element identified by ``locator``.</doc>
<msg timestamp="20250412 12:50:00.879" level="INFO">Clicking element 'logInBtn'.</msg>
<status status="PASS" starttime="20250412 12:50:00.879" endtime="20250412 12:50:01.378"/>
</kw>
<status status="PASS" starttime="20250412 12:50:00.840" endtime="20250412 12:50:01.378"/>
</kw>
<kw name="Log To Console" library="BuiltIn">
<arg>✅ *****LOGIN SUCCEED***** ✅</arg>
<doc>Logs the given message to the console.</doc>
<status status="PASS" starttime="20250412 12:50:01.379" endtime="20250412 12:50:01.380"/>
</kw>
<status status="PASS" starttime="20250412 12:49:53.638" endtime="20250412 12:50:01.380"/>
</kw>
<kw name="logout from the system">
<kw name="Click with log Display" library="pgKeyword">
<arg>//img[@alt='Avatar Image']</arg>
<arg>Profile</arg>
<kw name="Log To Console" library="BuiltIn">
<arg>clicking on ${message}</arg>
<doc>Logs the given message to the console.</doc>
<status status="PASS" starttime="20250412 12:50:01.383" endtime="20250412 12:50:01.383"/>
</kw>
<kw name="Wait Until Element Is Enabled" library="SeleniumLibrary">
<arg>${element}</arg>
<arg>10s</arg>
<doc>Waits until the element ``locator`` is enabled.</doc>
<status status="PASS" starttime="20250412 12:50:01.383" endtime="20250412 12:50:03.049"/>
</kw>
<kw name="Wait Until Element Is Visible" library="SeleniumLibrary">
<arg>${element}</arg>
<arg>10s</arg>
<doc>Waits until the element ``locator`` is visible.</doc>
<status status="PASS" starttime="20250412 12:50:03.049" endtime="20250412 12:50:03.065"/>
</kw>
<kw name="Click Element" library="SeleniumLibrary">
<arg>${element}</arg>
<doc>Click the element identified by ``locator``.</doc>
<msg timestamp="20250412 12:50:03.065" level="INFO">Clicking element '//img[@alt='Avatar Image']'.</msg>
<status status="PASS" starttime="20250412 12:50:03.065" endtime="20250412 12:50:03.125"/>
</kw>
<status status="PASS" starttime="20250412 12:50:01.382" endtime="20250412 12:50:03.126"/>
</kw>
<kw name="Sleep" library="BuiltIn">
<arg>2s</arg>
<doc>Pauses the test executed for the given time.</doc>
<msg timestamp="20250412 12:50:05.128" level="INFO">Slept 2 seconds</msg>
<status status="PASS" starttime="20250412 12:50:03.127" endtime="20250412 12:50:05.128"/>
</kw>
<kw name="Scroll Element Into View" library="SeleniumLibrary">
<arg>//div[contains(text(),'Sign Out')]</arg>
<doc>Scrolls the element identified by ``locator`` into view.</doc>
<status status="PASS" starttime="20250412 12:50:05.129" endtime="20250412 12:50:05.435"/>
</kw>
<kw name="Click with log Display" library="pgKeyword">
<arg>//button[@class='default__1rbFd secondary__13sCi button__3Z-Ug']</arg>
<arg>SignOut</arg>
<kw name="Log To Console" library="BuiltIn">
<arg>clicking on ${message}</arg>
<doc>Logs the given message to the console.</doc>
<status status="PASS" starttime="20250412 12:50:05.437" endtime="20250412 12:50:05.437"/>
</kw>
<kw name="Wait Until Element Is Enabled" library="SeleniumLibrary">
<arg>${element}</arg>
<arg>10s</arg>
<doc>Waits until the element ``locator`` is enabled.</doc>
<status status="PASS" starttime="20250412 12:50:05.438" endtime="20250412 12:50:05.466"/>
</kw>
<kw name="Wait Until Element Is Visible" library="SeleniumLibrary">
<arg>${element}</arg>
<arg>10s</arg>
<doc>Waits until the element ``locator`` is visible.</doc>
<status status="PASS" starttime="20250412 12:50:05.466" endtime="20250412 12:50:05.481"/>
</kw>
<kw name="Click Element" library="SeleniumLibrary">
<arg>${element}</arg>
<doc>Click the element identified by ``locator``.</doc>
<msg timestamp="20250412 12:50:05.482" level="INFO">Clicking element '//button[@class='default__1rbFd secondary__13sCi button__3Z-Ug']'.</msg>
<status status="PASS" starttime="20250412 12:50:05.481" endtime="20250412 12:50:06.829"/>
</kw>
<status status="PASS" starttime="20250412 12:50:05.435" endtime="20250412 12:50:06.830"/>
</kw>
<kw name="Click with log Display" library="pgKeyword">
<arg>//button[@class='large__2-kkI primary__3GVte button__3Z-Ug']</arg>
<arg>CONTINUE to logout</arg>
<kw name="Log To Console" library="BuiltIn">
<arg>clicking on ${message}</arg>
<doc>Logs the given message to the console.</doc>
<status status="PASS" starttime="20250412 12:50:06.832" endtime="20250412 12:50:06.834"/>
</kw>
<kw name="Wait Until Element Is Enabled" library="SeleniumLibrary">
<arg>${element}</arg>
<arg>10s</arg>
<doc>Waits until the element ``locator`` is enabled.</doc>
<status status="PASS" starttime="20250412 12:50:06.834" endtime="20250412 12:50:07.063"/>
</kw>
<kw name="Wait Until Element Is Visible" library="SeleniumLibrary">
<arg>${element}</arg>
<arg>10s</arg>
<doc>Waits until the element ``locator`` is visible.</doc>
<status status="PASS" starttime="20250412 12:50:07.063" endtime="20250412 12:50:07.074"/>
</kw>
<kw name="Click Element" library="SeleniumLibrary">
<arg>${element}</arg>
<doc>Click the element identified by ``locator``.</doc>
<msg timestamp="20250412 12:50:07.074" level="INFO">Clicking element '//button[@class='large__2-kkI primary__3GVte button__3Z-Ug']'.</msg>
<status status="PASS" starttime="20250412 12:50:07.074" endtime="20250412 12:50:07.144"/>
</kw>
<status status="PASS" starttime="20250412 12:50:06.831" endtime="20250412 12:50:07.144"/>
</kw>
<kw name="Wait Until Element Is Visible" library="SeleniumLibrary">
<arg>//button[.//div[text()='Sign In']]</arg>
<arg>10s</arg>
<doc>Waits until the element ``locator`` is visible.</doc>
<status status="PASS" starttime="20250412 12:50:07.145" endtime="20250412 12:50:07.644"/>
</kw>
<status status="PASS" starttime="20250412 12:50:01.380" endtime="20250412 12:50:07.645"/>
</kw>
<kw name="re-login to the system">
<kw name="Login to system" library="Reuse">
<kw name="Visit url" library="Reuse">
<kw name="Open Browser" library="SeleniumLibrary">
<arg>${Website}</arg>
<arg>${browser}</arg>
<arg>executable_path=${DriverLocation}</arg>
<doc>Opens a new browser instance to the optional ``url``.</doc>
<msg timestamp="20250412 12:50:07.648" level="INFO">Opening browser 'chrome' to base url 'https://www.pogo.com/'.</msg>
<status status="PASS" starttime="20250412 12:50:07.647" endtime="20250412 12:50:10.015"/>
</kw>
<kw name="Maximize Browser Window" library="SeleniumLibrary">
<doc>Maximizes current browser window.</doc>
<status status="PASS" starttime="20250412 12:50:10.017" endtime="20250412 12:50:10.357"/>
</kw>
<kw name="Log To Console" library="BuiltIn">
<arg>Website has opened</arg>
<doc>Logs the given message to the console.</doc>
<status status="PASS" starttime="20250412 12:50:10.358" endtime="20250412 12:50:10.358"/>
</kw>
<status status="PASS" starttime="20250412 12:50:07.646" endtime="20250412 12:50:10.358"/>
</kw>
<kw name="Click with log Display" library="pgKeyword">
<arg>//button[.//div[text()='Sign In']]</arg>
<arg>Sign In</arg>
<kw name="Log To Console" library="BuiltIn">
<arg>clicking on ${message}</arg>
<doc>Logs the given message to the console.</doc>
<status status="PASS" starttime="20250412 12:50:10.359" endtime="20250412 12:50:10.360"/>
</kw>
<kw name="Wait Until Element Is Enabled" library="SeleniumLibrary">
<arg>${element}</arg>
<arg>10s</arg>
<doc>Waits until the element ``locator`` is enabled.</doc>
<status status="PASS" starttime="20250412 12:50:10.360" endtime="20250412 12:50:10.407"/>
</kw>
<kw name="Wait Until Element Is Visible" library="SeleniumLibrary">
<arg>${element}</arg>
<arg>10s</arg>
<doc>Waits until the element ``locator`` is visible.</doc>
<status status="PASS" starttime="20250412 12:50:10.408" endtime="20250412 12:50:10.427"/>
</kw>
<kw name="Click Element" library="SeleniumLibrary">
<arg>${element}</arg>
<doc>Click the element identified by ``locator``.</doc>
<msg timestamp="20250412 12:50:10.427" level="INFO">Clicking element '//button[.//div[text()='Sign In']]'.</msg>
<status status="PASS" starttime="20250412 12:50:10.427" endtime="20250412 12:50:13.714"/>
</kw>
<status status="PASS" starttime="20250412 12:50:10.358" endtime="20250412 12:50:13.714"/>
</kw>
<kw name="Input Text" library="SeleniumLibrary">
<arg>email</arg>
<arg>${username}</arg>
<doc>Types the given ``text`` into the text field identified by ``locator``.</doc>
<msg timestamp="20250412 12:50:13.715" level="INFO">Typing text 'bps.thapa@gmail.com' into text field 'email'.</msg>
<status status="PASS" starttime="20250412 12:50:13.714" endtime="20250412 12:50:13.857"/>
</kw>
<kw name="Click Element" library="SeleniumLibrary">
<arg>content</arg>
<doc>Click the element identified by ``locator``.</doc>
<msg timestamp="20250412 12:50:13.857" level="INFO">Clicking element 'content'.</msg>
<status status="PASS" starttime="20250412 12:50:13.857" endtime="20250412 12:50:13.900"/>
</kw>
<kw name="Click Element" library="SeleniumLibrary">
<arg>logInBtn</arg>
<doc>Click the element identified by ``locator``.</doc>
<msg timestamp="20250412 12:50:13.901" level="INFO">Clicking element 'logInBtn'.</msg>
<status status="PASS" starttime="20250412 12:50:13.900" endtime="20250412 12:50:14.922"/>
</kw>
<kw name="Input Text" library="SeleniumLibrary">
<arg>password</arg>
<arg>${password}</arg>
<doc>Types the given ``text`` into the text field identified by ``locator``.</doc>
<msg timestamp="20250412 12:50:14.922" level="INFO">Typing text '4f4DP5KT!2ar&amp;%6' into text field 'password'.</msg>
<status status="PASS" starttime="20250412 12:50:14.922" endtime="20250412 12:50:14.983"/>
</kw>
<kw name="Click with log Display" library="pgKeyword">
<arg>logInBtn</arg>
<arg>LoginButton after Entering password</arg>
<kw name="Log To Console" library="BuiltIn">
<arg>clicking on ${message}</arg>
<doc>Logs the given message to the console.</doc>
<status status="PASS" starttime="20250412 12:50:14.983" endtime="20250412 12:50:14.984"/>
</kw>
<kw name="Wait Until Element Is Enabled" library="SeleniumLibrary">
<arg>${element}</arg>
<arg>10s</arg>
<doc>Waits until the element ``locator`` is enabled.</doc>
<status status="PASS" starttime="20250412 12:50:14.984" endtime="20250412 12:50:15.006"/>
</kw>
<kw name="Wait Until Element Is Visible" library="SeleniumLibrary">
<arg>${element}</arg>
<arg>10s</arg>
<doc>Waits until the element ``locator`` is visible.</doc>
<status status="PASS" starttime="20250412 12:50:15.006" endtime="20250412 12:50:15.029"/>
</kw>
<kw name="Click Element" library="SeleniumLibrary">
<arg>${element}</arg>
<doc>Click the element identified by ``locator``.</doc>
<msg timestamp="20250412 12:50:15.030" level="INFO">Clicking element 'logInBtn'.</msg>
<status status="PASS" starttime="20250412 12:50:15.029" endtime="20250412 12:50:16.307"/>
</kw>
<status status="PASS" starttime="20250412 12:50:14.983" endtime="20250412 12:50:16.309"/>
</kw>
<kw name="Log To Console" library="BuiltIn">
<arg>✅ *****LOGIN SUCCEED***** ✅</arg>
<doc>Logs the given message to the console.</doc>
<status status="PASS" starttime="20250412 12:50:16.310" endtime="20250412 12:50:16.313"/>
</kw>
<status status="PASS" starttime="20250412 12:50:07.646" endtime="20250412 12:50:16.314"/>
</kw>
<status status="PASS" starttime="20250412 12:50:07.645" endtime="20250412 12:50:16.314"/>
</kw>
<kw name="Close All Browsers" library="SeleniumLibrary" type="TEARDOWN">
<doc>Closes all open browsers and resets the browser cache.</doc>
<status status="PASS" starttime="20250412 12:50:16.316" endtime="20250412 12:50:16.643"/>
</kw>
<status status="PASS" starttime="20250412 12:49:53.628" endtime="20250412 12:50:16.643"/>
</test>
<status status="PASS" starttime="20250412 12:49:53.493" endtime="20250412 12:50:16.645"/>
</suite>
<statistics>
<total>
<stat pass="1" fail="0" skip="0">All Tests</stat>
</total>
<tag>
</tag>
<suite>
<stat pass="1" fail="0" skip="0" id="s1" name="Logout Login">Logout Login</stat>
</suite>
</statistics>
<errors>
</errors>
</robot>
